[2023-10-03 11:37:30.338] [jointLog] [info] setting maxHashResizeThreads to 2
[2023-10-03 11:37:30.338] [jointLog] [info] Fragment incompatibility prior below threshold.  Incompatible fragments will be ignored.
[2023-10-03 11:37:30.338] [jointLog] [info] Usage of --validateMappings implies use of minScoreFraction. Since not explicitly specified, it is being set to 0.65
[2023-10-03 11:37:30.338] [jointLog] [info] Setting consensusSlack to selective-alignment default of 0.35.
[2023-10-03 11:37:30.338] [jointLog] [info] parsing read library format
[2023-10-03 11:37:30.338] [jointLog] [info] There is 1 library.
[2023-10-03 11:37:30.338] [jointLog] [info] Loading pufferfish index
[2023-10-03 11:37:30.338] [jointLog] [info] Loading dense pufferfish index.
[2023-10-03 11:37:30.348] [jointLog] [info] done
[2023-10-03 11:37:30.367] [jointLog] [info] Index contained 126 targets
[2023-10-03 11:37:30.369] [jointLog] [info] Number of decoys : 1
[2023-10-03 11:37:30.369] [jointLog] [info] First decoy index : 125 
[2023-10-03 11:37:31.055] [jointLog] [info] Thread saw mini-batch with a maximum of 0.82% zero probability fragments
[2023-10-03 11:37:31.078] [jointLog] [info] Thread saw mini-batch with a maximum of 0.94% zero probability fragments
[2023-10-03 11:37:31.094] [jointLog] [info] Computed 89 rich equivalence classes for further processing
[2023-10-03 11:37:31.094] [jointLog] [info] Counted 39548 total reads in the equivalence classes 
[2023-10-03 11:37:31.095] [jointLog] [info] Number of mappings discarded because of alignment score : 3604
[2023-10-03 11:37:31.095] [jointLog] [info] Number of fragments entirely discarded because of alignment score : 4325
[2023-10-03 11:37:31.095] [jointLog] [info] Number of fragments discarded because they are best-mapped to decoys : 3166
[2023-10-03 11:37:31.095] [jointLog] [info] Number of fragments discarded because they have only dovetail (discordant) mappings to valid targets : 55
[2023-10-03 11:37:31.095] [jointLog] [warning] Only 39548 fragments were mapped, but the number of burn-in fragments was set to 5000000.
The effective lengths have been computed using the observed mappings.

[2023-10-03 11:37:31.095] [jointLog] [info] Mapping rate = 79.8127%

[2023-10-03 11:37:31.095] [jointLog] [info] finished quantifyLibrary()
[2023-10-03 11:37:31.096] [jointLog] [info] Starting optimizer
[2023-10-03 11:37:31.098] [jointLog] [info] Marked 0 weighted equivalence classes as degenerate
[2023-10-03 11:37:31.099] [jointLog] [info] iteration = 0 | max rel diff. = 315.135
[2023-10-03 11:37:31.100] [jointLog] [info] iteration = 100 | max rel diff. = 0
[2023-10-03 11:37:31.100] [jointLog] [info] Finished optimizer
[2023-10-03 11:37:31.100] [jointLog] [info] writing output 

[2023-10-03 11:37:31.103] [jointLog] [info] Computing gene-level abundance estimates
[2023-10-03 11:37:31.112] [jointLog] [warning] Feature has no GFF ID
[2023-10-03 11:37:31.112] [jointLog] [warning] Feature has no GFF ID
[2023-10-03 11:37:31.112] [jointLog] [info] There were 124 transcripts mapping to 124 genes
[2023-10-03 11:37:31.112] [jointLog] [info] NOTE: We recommend using tximport (https://bioconductor.org/packages/release/bioc/html/tximport.html) for aggregating transcript-level salmon abundance estimates to the gene level.  It is more versatile, exposes more features, and allows considering multi-sample information during aggregation.
[2023-10-03 11:37:31.113] [jointLog] [warning] couldn't find transcript named [Gfp_transgene_gene] in transcript <-> gene map; returning transcript as it's own gene
[2023-10-03 11:37:31.113] [jointLog] [info] Aggregating expressions to gene level
[2023-10-03 11:37:31.114] [jointLog] [info] done
[2023-10-03 11:37:31.094] [fileLog] [info] 
At end of round 0
==================
Observed 49551 total fragments (49551 in most recent round)

