[2023-10-03 11:34:38.070] [jointLog] [info] setting maxHashResizeThreads to 2
[2023-10-03 11:34:38.070] [jointLog] [info] Fragment incompatibility prior below threshold.  Incompatible fragments will be ignored.
[2023-10-03 11:34:38.070] [jointLog] [info] Usage of --validateMappings implies use of minScoreFraction. Since not explicitly specified, it is being set to 0.65
[2023-10-03 11:34:38.070] [jointLog] [info] Setting consensusSlack to selective-alignment default of 0.35.
[2023-10-03 11:34:38.070] [jointLog] [info] parsing read library format
[2023-10-03 11:34:38.070] [jointLog] [info] There is 1 library.
[2023-10-03 11:34:38.071] [jointLog] [info] Loading pufferfish index
[2023-10-03 11:34:38.071] [jointLog] [info] Loading dense pufferfish index.
[2023-10-03 11:34:38.080] [jointLog] [info] done
[2023-10-03 11:34:38.098] [jointLog] [info] Index contained 126 targets
[2023-10-03 11:34:38.100] [jointLog] [info] Number of decoys : 1
[2023-10-03 11:34:38.100] [jointLog] [info] First decoy index : 125 
[2023-10-03 11:34:38.402] [fileLog] [info] 
At end of round 0
==================
Observed 48567 total fragments (48567 in most recent round)

[2023-10-03 11:34:38.391] [jointLog] [info] Thread saw mini-batch with a maximum of 0.62% zero probability fragments
[2023-10-03 11:34:38.392] [jointLog] [info] Thread saw mini-batch with a maximum of 0.73% zero probability fragments
[2023-10-03 11:34:38.402] [jointLog] [info] Computed 87 rich equivalence classes for further processing
[2023-10-03 11:34:38.402] [jointLog] [info] Counted 39317 total reads in the equivalence classes 
[2023-10-03 11:34:38.403] [jointLog] [warning] 0.00411802% of fragments were shorter than the k used to build the index.
If this fraction is too large, consider re-building the index with a smaller k.
The minimum read size found was 26.


[2023-10-03 11:34:38.403] [jointLog] [info] Number of mappings discarded because of alignment score : 2037
[2023-10-03 11:34:38.403] [jointLog] [info] Number of fragments entirely discarded because of alignment score : 2391
[2023-10-03 11:34:38.403] [jointLog] [info] Number of fragments discarded because they are best-mapped to decoys : 1817
[2023-10-03 11:34:38.403] [jointLog] [info] Number of fragments discarded because they have only dovetail (discordant) mappings to valid targets : 0
[2023-10-03 11:34:38.403] [jointLog] [warning] Only 39317 fragments were mapped, but the number of burn-in fragments was set to 5000000.
The effective lengths have been computed using the observed mappings.

[2023-10-03 11:34:38.403] [jointLog] [info] Mapping rate = 80.9541%

[2023-10-03 11:34:38.403] [jointLog] [info] finished quantifyLibrary()
[2023-10-03 11:34:38.404] [jointLog] [info] Starting optimizer
[2023-10-03 11:34:38.407] [jointLog] [info] Marked 0 weighted equivalence classes as degenerate
[2023-10-03 11:34:38.407] [jointLog] [info] iteration = 0 | max rel diff. = 313.289
[2023-10-03 11:34:38.408] [jointLog] [info] iteration = 100 | max rel diff. = 0
[2023-10-03 11:34:38.408] [jointLog] [info] Finished optimizer
[2023-10-03 11:34:38.408] [jointLog] [info] writing output 

[2023-10-03 11:34:38.411] [jointLog] [info] Computing gene-level abundance estimates
[2023-10-03 11:34:38.419] [jointLog] [warning] Feature has no GFF ID
[2023-10-03 11:34:38.419] [jointLog] [warning] Feature has no GFF ID
[2023-10-03 11:34:38.420] [jointLog] [info] There were 124 transcripts mapping to 124 genes
[2023-10-03 11:34:38.420] [jointLog] [info] NOTE: We recommend using tximport (https://bioconductor.org/packages/release/bioc/html/tximport.html) for aggregating transcript-level salmon abundance estimates to the gene level.  It is more versatile, exposes more features, and allows considering multi-sample information during aggregation.
[2023-10-03 11:34:38.420] [jointLog] [warning] couldn't find transcript named [Gfp_transgene_gene] in transcript <-> gene map; returning transcript as it's own gene
[2023-10-03 11:34:38.420] [jointLog] [info] Aggregating expressions to gene level
[2023-10-03 11:34:38.422] [jointLog] [info] done
